<?xml version="1.0" encoding="UTF-8"?>
<!-- Generated by org.testng.reporters.JUnitXMLReporter -->
<testsuite ignored="0" hostname="DESKTOP-KQBH998" failures="0" tests="5" name="Surefire test" time="0.051" errors="0" timestamp="28 Jun 2024 12:12:11 GMT">
  <testcase classname="com.MyTest" name="alpha" time="0.011"/>
  <testcase classname="com.MyTest" name="beta" time="0.001"/>
  <testcase classname="com.MyTest" name="gama" time="0.001"/>
  <testcase classname="com.NewTest" name="login" time="0.001"/>
  <testcase classname="com.NewTest" name="logout" time="0.0"/>
</testsuite> <!-- Surefire test -->
