<?xml version="1.0" encoding="UTF-8"?>
<!-- Generated by org.testng.reporters.JUnitXMLReporter -->
<testsuite ignored="0" hostname="DESKTOP-KQBH998" failures="1" tests="4" name="Test" time="40.088" errors="0" timestamp="05 Jul 2024 12:20:17 GMT">
  <testcase classname="main.LoginTest_2" name="logincheck" time="8.275"/>
  <testcase classname="main.LoginTest_2" name="logincheck" time="8.119"/>
  <testcase classname="main.LoginTest_2" name="logincheck" time="9.099"/>
  <testcase classname="main.LoginTest_2" name="logincheck" time="11.106">
    <failure type="java.lang.AssertionError" message="expected [true] but found [false]">
      <![CDATA[java.lang.AssertionError: expected [true] but found [false]
	at main.LoginTest_2.logincheck(LoginTest_2.java:40)
... Removed 29 stack frames]]>
    </failure>
  </testcase> <!-- logincheck -->
</testsuite> <!-- Test -->
