<?xml version="1.0" encoding="UTF-8"?>
<testng-results ignored="0" total="1" passed="1" failed="0" skipped="0">
  <reporter-output>
  </reporter-output>
  <suite started-at="2024-06-27T12:14:45Z" name="Default suite" finished-at="2024-06-27T12:14:51Z" duration-ms="6835">
    <groups>
    </groups>
    <test started-at="2024-06-27T12:14:45Z" name="Default test" finished-at="2024-06-27T12:14:51Z" duration-ms="6835">
      <class name="com.RegTest">
        <test-method signature="test()[pri:0, instance:com.RegTest@332729ad]" started-at="2024-06-27T17:44:45Z" name="test" finished-at="2024-06-27T17:44:51Z" duration-ms="6794" status="PASS">
          <reporter-output>
          </reporter-output>
        </test-method> <!-- test -->
      </class> <!-- com.RegTest -->
    </test> <!-- Default test -->
  </suite> <!-- Default suite -->
</testng-results>
