<?xml version="1.0" encoding="UTF-8"?>
<!-- Generated by org.testng.reporters.JUnitXMLReporter -->
<testsuite ignored="0" hostname="DESKTOP-KQBH998" failures="1" tests="4" name="Test" time="38.503" errors="0" timestamp="11 Jul 2024 11:17:49 GMT">
  <testcase classname="main.LoginTest_2" name="logincheck" time="8.653"/>
  <testcase classname="main.LoginTest_2" name="logincheck" time="7.067"/>
  <testcase classname="main.LoginTest_2" name="logincheck" time="8.866"/>
  <testcase classname="main.LoginTest_2" name="logincheck" time="9.866">
    <failure type="java.lang.AssertionError" message="expected [true] but found [false]">
      <![CDATA[java.lang.AssertionError: expected [true] but found [false]
	at main.LoginTest_2.logincheck(LoginTest_2.java:40)
... Removed 33 stack frames]]>
    </failure>
  </testcase> <!-- logincheck -->
</testsuite> <!-- Test -->
