<?xml version="1.0" encoding="UTF-8"?>
<!-- Generated by org.testng.reporters.JUnitXMLReporter -->
<testsuite ignored="1" hostname="DESKTOP-VNEPCMP" failures="0" tests="2" name="Default test" time="0.119" errors="0" timestamp="13 Jun 2024 12:11:42 GMT">
  <testcase classname="com.FirstTest" name="test" time="0.048"/>
  <testcase classname="com.FirstTest" name="beta" time="0.004"/>
  <testcase classname="com.FirstTest" name="alpha" time="0.0">
    <ignored/>
  </testcase> <!-- alpha -->
</testsuite> <!-- Default test -->
