<?xml version="1.0" encoding="UTF-8"?>
<!-- Generated by org.testng.reporters.JUnitXMLReporter -->
<testsuite ignored="6" hostname="DESKTOP-KQBH998" failures="0" tests="3" name="sanity" time="0.017" errors="0" timestamp="19 Jun 2024 11:58:36 GMT">
  <testcase classname="basic.MyApp" name="home" time="0.003"/>
  <testcase classname="basic.Account" name="currentAccount" time="0.002"/>
  <testcase classname="basic.Payment" name="debitCard" time="0.003"/>
  <testcase classname="basic.Payment" name="creditCard" time="0.0">
    <ignored/>
  </testcase> <!-- creditCard -->
  <testcase classname="basic.Account" name="savingAccount" time="0.0">
    <ignored/>
  </testcase> <!-- savingAccount -->
  <testcase classname="basic.Account" name="loanAccount" time="0.0">
    <ignored/>
  </testcase> <!-- loanAccount -->
  <testcase classname="basic.Payment" name="upi" time="0.0">
    <ignored/>
  </testcase> <!-- upi -->
  <testcase classname="basic.MyApp" name="logout" time="0.0">
    <ignored/>
  </testcase> <!-- logout -->
  <testcase classname="basic.MyApp" name="login" time="0.0">
    <ignored/>
  </testcase> <!-- login -->
</testsuite> <!-- sanity -->
