<?xml version="1.0" encoding="UTF-8"?>
<!-- Generated by org.testng.reporters.JUnitXMLReporter -->
<testsuite ignored="0" hostname="DESKTOP-VNEPCMP" failures="0" tests="6" name="Test" time="0.211" errors="0" timestamp="15 Jun 2024 12:00:20 GMT">
  <testcase classname="basic.Account" name="currentAccount" time="0.055"/>
  <testcase classname="basic.Account" name="loanAccount" time="0.01"/>
  <testcase classname="basic.Account" name="savingAccount" time="0.004"/>
  <testcase classname="basic.Payment" name="creditCard" time="0.03"/>
  <testcase classname="basic.Payment" name="debitCard" time="0.006"/>
  <testcase classname="basic.Payment" name="upi" time="0.01"/>
</testsuite> <!-- Test -->
