<?xml version="1.0" encoding="UTF-8"?>
<!-- Generated by org.testng.reporters.JUnitXMLReporter -->
<testsuite ignored="0" hostname="DESKTOP-KQBH998" failures="4" tests="4" name="Test" time="43.787" errors="0" timestamp="24 Jun 2024 11:46:38 GMT">
  <testcase classname="listener.FBlogin" name="test" time="1.74">
    <failure type="java.lang.AssertionError" message="expected [Log in to Facebook] but found [FB-Err]">
      <![CDATA[java.lang.AssertionError: expected [Log in to Facebook] but found [FB-Err]
	at listener.FBlogin.test(FBlogin.java:36)
... Removed 31 stack frames]]>
    </failure>
  </testcase> <!-- test -->
  <testcase classname="listener.FBlogin" name="test" time="7.406">
    <failure type="java.lang.AssertionError" message="expected [Log in to Facebook] but found [FB-Err]">
      <![CDATA[java.lang.AssertionError: expected [Log in to Facebook] but found [FB-Err]
	at listener.FBlogin.test(FBlogin.java:36)
... Removed 31 stack frames]]>
    </failure>
  </testcase> <!-- test -->
  <testcase classname="listener.FBlogin" name="test" time="1.78">
    <failure type="java.lang.AssertionError" message="expected [Log in to Facebook] but found [FB-Err]">
      <![CDATA[java.lang.AssertionError: expected [Log in to Facebook] but found [FB-Err]
	at listener.FBlogin.test(FBlogin.java:36)
... Removed 31 stack frames]]>
    </failure>
  </testcase> <!-- test -->
  <testcase classname="listener.FBlogin" name="test" time="28.8">
    <failure type="java.lang.AssertionError" message="expected [Log in to Facebook] but found [FB-Err]">
      <![CDATA[java.lang.AssertionError: expected [Log in to Facebook] but found [FB-Err]
	at listener.FBlogin.test(FBlogin.java:36)
... Removed 31 stack frames]]>
    </failure>
  </testcase> <!-- test -->
</testsuite> <!-- Test -->
