<?xml version="1.0" encoding="UTF-8"?>
<!-- Generated by org.testng.reporters.JUnitXMLReporter -->
<testsuite ignored="3" hostname="DESKTOP-KQBH998" failures="0" tests="2" name="Test" time="0.044" errors="0" timestamp="28 Jun 2024 12:30:07 GMT">
  <testcase classname="com.NewTest" name="login" time="0.009"/>
  <testcase classname="com.MyTest" name="alpha" time="0.001"/>
  <testcase classname="com.MyTest" name="gama" time="0.0">
    <ignored/>
  </testcase> <!-- gama -->
  <testcase classname="com.MyTest" name="beta" time="0.0">
    <ignored/>
  </testcase> <!-- beta -->
  <testcase classname="com.NewTest" name="logout" time="0.0">
    <ignored/>
  </testcase> <!-- logout -->
</testsuite> <!-- Test -->
