<?xml version="1.0" encoding="UTF-8"?>
<testng-results ignored="3" total="5" passed="2" failed="0" skipped="0">
  <reporter-output>
  </reporter-output>
  <suite started-at="2024-06-28T12:30:07Z" name="Suite" finished-at="2024-06-28T12:30:07Z" duration-ms="44">
    <groups>
    </groups>
    <test started-at="2024-06-28T12:30:07Z" name="Test" finished-at="2024-06-28T12:30:07Z" duration-ms="44">
      <class name="com.NewTest">
        <test-method signature="login()[pri:0, instance:com.NewTest@6e9175d8]" started-at="2024-06-28T18:00:07Z" name="login" finished-at="2024-06-28T18:00:07Z" duration-ms="9" status="PASS">
          <reporter-output>
          </reporter-output>
        </test-method> <!-- login -->
      </class> <!-- com.NewTest -->
      <class name="com.MyTest">
        <test-method signature="alpha()[pri:0, instance:com.MyTest@2eae8e6e]" started-at="2024-06-28T18:00:07Z" name="alpha" finished-at="2024-06-28T18:00:07Z" duration-ms="1" status="PASS">
          <reporter-output>
          </reporter-output>
        </test-method> <!-- alpha -->
      </class> <!-- com.MyTest -->
    </test> <!-- Test -->
  </suite> <!-- Suite -->
</testng-results>
