<?xml version="1.0" encoding="UTF-8"?>
<testng-results ignored="0" total="3" passed="3" failed="0" skipped="0">
  <reporter-output>
  </reporter-output>
  <suite started-at="2024-06-25T11:47:47Z" name="Default suite" finished-at="2024-06-25T11:48:13Z" duration-ms="26455">
    <groups>
    </groups>
    <test started-at="2024-06-25T11:47:47Z" name="Default test" finished-at="2024-06-25T11:48:13Z" duration-ms="26455">
      <class name="com.Login2">
        <test-method is-config="true" signature="setup()[pri:0, instance:com.Login2@571c5681]" started-at="2024-06-25T17:17:47Z" name="setup" finished-at="2024-06-25T17:17:58Z" duration-ms="11225" status="PASS">
          <reporter-output>
          </reporter-output>
        </test-method> <!-- setup -->
        <test-method signature="test(java.lang.String, java.lang.String)[pri:0, instance:com.Login2@571c5681]" started-at="2024-06-25T17:18:02Z" name="test" data-provider="dp" finished-at="2024-06-25T17:18:05Z" duration-ms="2583" status="PASS">
          <params>
            <param index="0">
              <value>
                <![CDATA[test@gmail.com]]>
              </value>
            </param>
            <param index="1">
              <value>
                <![CDATA[test123]]>
              </value>
            </param>
          </params>
          <reporter-output>
          </reporter-output>
        </test-method> <!-- test -->
        <test-method signature="test(java.lang.String, java.lang.String)[pri:0, instance:com.Login2@571c5681]" started-at="2024-06-25T17:18:05Z" name="test" data-provider="dp" finished-at="2024-06-25T17:18:07Z" duration-ms="2795" status="PASS">
          <params>
            <param index="0">
              <value>
                <![CDATA[tech@gmail.com]]>
              </value>
            </param>
            <param index="1">
              <value>
                <![CDATA[tech123]]>
              </value>
            </param>
          </params>
          <reporter-output>
          </reporter-output>
        </test-method> <!-- test -->
        <test-method signature="test(java.lang.String, java.lang.String)[pri:0, instance:com.Login2@571c5681]" started-at="2024-06-25T17:18:07Z" name="test" data-provider="dp" finished-at="2024-06-25T17:18:13Z" duration-ms="5785" status="PASS">
          <params>
            <param index="0">
              <value>
                <![CDATA[abc@gmail.com]]>
              </value>
            </param>
            <param index="1">
              <value>
                <![CDATA[abc123]]>
              </value>
            </param>
          </params>
          <reporter-output>
          </reporter-output>
        </test-method> <!-- test -->
      </class> <!-- com.Login2 -->
    </test> <!-- Default test -->
  </suite> <!-- Default suite -->
</testng-results>
