<?xml version="1.0" encoding="UTF-8"?>
<testng-results ignored="0" total="5" passed="5" failed="0" skipped="0">
  <reporter-output>
  </reporter-output>
  <suite started-at="2024-06-26T12:15:26Z" name="Default suite" finished-at="2024-06-26T12:15:33Z" duration-ms="6814">
    <groups>
    </groups>
    <test started-at="2024-06-26T12:15:26Z" name="Default test" finished-at="2024-06-26T12:15:33Z" duration-ms="6814">
      <class name="com.KeywordDriven">
        <test-method signature="test(java.lang.String, java.lang.String, java.lang.String, java.lang.String, java.lang.String)[pri:0, instance:com.KeywordDriven@5386659f]" started-at="2024-06-26T17:45:28Z" name="test" data-provider="dp" finished-at="2024-06-26T17:45:30Z" duration-ms="1848" status="PASS">
          <params>
            <param index="0">
              <value>
                <![CDATA[openbrowser]]>
              </value>
            </param>
            <param index="1">
              <value>
                <![CDATA[browser]]>
              </value>
            </param>
            <param index="2">
              <value>
                <![CDATA[NA]]>
              </value>
            </param>
            <param index="3">
              <value>
                <![CDATA[NA]]>
              </value>
            </param>
            <param index="4">
              <value>
                <![CDATA[chrome]]>
              </value>
            </param>
          </params>
          <reporter-output>
          </reporter-output>
        </test-method> <!-- test -->
        <test-method signature="test(java.lang.String, java.lang.String, java.lang.String, java.lang.String, java.lang.String)[pri:0, instance:com.KeywordDriven@5386659f]" started-at="2024-06-26T17:45:30Z" name="test" data-provider="dp" finished-at="2024-06-26T17:45:32Z" duration-ms="1395" status="PASS">
          <params>
            <param index="0">
              <value>
                <![CDATA[openurl]]>
              </value>
            </param>
            <param index="1">
              <value>
                <![CDATA[url]]>
              </value>
            </param>
            <param index="2">
              <value>
                <![CDATA[NA]]>
              </value>
            </param>
            <param index="3">
              <value>
                <![CDATA[NA]]>
              </value>
            </param>
            <param index="4">
              <value>
                <![CDATA[https://www.instagram.com/]]>
              </value>
            </param>
          </params>
          <reporter-output>
          </reporter-output>
        </test-method> <!-- test -->
        <test-method signature="test(java.lang.String, java.lang.String, java.lang.String, java.lang.String, java.lang.String)[pri:0, instance:com.KeywordDriven@5386659f]" started-at="2024-06-26T17:45:32Z" name="test" data-provider="dp" finished-at="2024-06-26T17:45:32Z" duration-ms="756" status="PASS">
          <params>
            <param index="0">
              <value>
                <![CDATA[username]]>
              </value>
            </param>
            <param index="1">
              <value>
                <![CDATA[type]]>
              </value>
            </param>
            <param index="2">
              <value>
                <![CDATA[name]]>
              </value>
            </param>
            <param index="3">
              <value>
                <![CDATA[username]]>
              </value>
            </param>
            <param index="4">
              <value>
                <![CDATA[test@gmail.com]]>
              </value>
            </param>
          </params>
          <reporter-output>
          </reporter-output>
        </test-method> <!-- test -->
        <test-method signature="test(java.lang.String, java.lang.String, java.lang.String, java.lang.String, java.lang.String)[pri:0, instance:com.KeywordDriven@5386659f]" started-at="2024-06-26T17:45:32Z" name="test" data-provider="dp" finished-at="2024-06-26T17:45:33Z" duration-ms="165" status="PASS">
          <params>
            <param index="0">
              <value>
                <![CDATA[password]]>
              </value>
            </param>
            <param index="1">
              <value>
                <![CDATA[type]]>
              </value>
            </param>
            <param index="2">
              <value>
                <![CDATA[name]]>
              </value>
            </param>
            <param index="3">
              <value>
                <![CDATA[password]]>
              </value>
            </param>
            <param index="4">
              <value>
                <![CDATA[test@123]]>
              </value>
            </param>
          </params>
          <reporter-output>
          </reporter-output>
        </test-method> <!-- test -->
        <test-method signature="test(java.lang.String, java.lang.String, java.lang.String, java.lang.String, java.lang.String)[pri:0, instance:com.KeywordDriven@5386659f]" started-at="2024-06-26T17:45:33Z" name="test" data-provider="dp" finished-at="2024-06-26T17:45:33Z" duration-ms="122" status="PASS">
          <params>
            <param index="0">
              <value>
                <![CDATA[login]]>
              </value>
            </param>
            <param index="1">
              <value>
                <![CDATA[click]]>
              </value>
            </param>
            <param index="2">
              <value>
                <![CDATA[xpath]]>
              </value>
            </param>
            <param index="3">
              <value>
                <![CDATA[//*[@type='submit']]]>
              </value>
            </param>
            <param index="4">
              <value>
                <![CDATA[NA]]>
              </value>
            </param>
          </params>
          <reporter-output>
          </reporter-output>
        </test-method> <!-- test -->
      </class> <!-- com.KeywordDriven -->
    </test> <!-- Default test -->
  </suite> <!-- Default suite -->
</testng-results>
