<?xml version="1.0" encoding="UTF-8"?>
<testng-results ignored="1" total="3" passed="2" failed="0" skipped="0">
  <reporter-output>
  </reporter-output>
  <suite started-at="2024-06-13T12:11:41Z" name="Default suite" finished-at="2024-06-13T12:11:42Z" duration-ms="119">
    <groups>
    </groups>
    <test started-at="2024-06-13T12:11:41Z" name="Default test" finished-at="2024-06-13T12:11:42Z" duration-ms="119">
      <class name="com.FirstTest">
        <test-method signature="test()[pri:1, instance:com.FirstTest@5a5338df]" started-at="2024-06-13T17:41:41Z" name="test" finished-at="2024-06-13T17:41:42Z" duration-ms="48" status="PASS">
          <reporter-output>
          </reporter-output>
        </test-method> <!-- test -->
        <test-method signature="beta()[pri:3, instance:com.FirstTest@5a5338df]" started-at="2024-06-13T17:41:42Z" name="beta" finished-at="2024-06-13T17:41:42Z" duration-ms="4" status="PASS">
          <reporter-output>
          </reporter-output>
        </test-method> <!-- beta -->
      </class> <!-- com.FirstTest -->
    </test> <!-- Default test -->
  </suite> <!-- Default suite -->
</testng-results>
