<?xml version="1.0" encoding="UTF-8"?>
<testng-results ignored="0" total="1" passed="1" failed="0" skipped="0">
  <reporter-output>
  </reporter-output>
  <suite started-at="2024-06-19T12:26:53Z" name="Suite" finished-at="2024-06-19T12:26:57Z" duration-ms="4215">
    <groups>
    </groups>
    <test started-at="2024-06-19T12:26:53Z" name="Test" finished-at="2024-06-19T12:26:57Z" duration-ms="4215">
      <class name="parameters.Login">
        <test-method signature="test(java.lang.String, java.lang.String)[pri:0, instance:parameters.Login@13c10b87]" started-at="2024-06-19T17:56:53Z" name="test" finished-at="2024-06-19T17:56:57Z" duration-ms="4196" status="PASS">
          <params>
            <param index="0">
              <value>
                <![CDATA[test]]>
              </value>
            </param>
            <param index="1">
              <value>
                <![CDATA[test]]>
              </value>
            </param>
          </params>
          <reporter-output>
          </reporter-output>
        </test-method> <!-- test -->
      </class> <!-- parameters.Login -->
    </test> <!-- Test -->
  </suite> <!-- Suite -->
</testng-results>
