<?xml version="1.0" encoding="UTF-8"?>
<!-- Generated by org.testng.reporters.JUnitXMLReporter -->
<testsuite ignored="0" hostname="DESKTOP-KQBH998" failures="0" tests="5" name="Default test" time="6.814" errors="0" timestamp="26 Jun 2024 12:15:33 GMT">
  <testcase classname="com.KeywordDriven" name="test" time="1.848"/>
  <testcase classname="com.KeywordDriven" name="test" time="1.395"/>
  <testcase classname="com.KeywordDriven" name="test" time="0.756"/>
  <testcase classname="com.KeywordDriven" name="test" time="0.165"/>
  <testcase classname="com.KeywordDriven" name="test" time="0.122"/>
</testsuite> <!-- Default test -->
